Arguments: 
  C:\Program Files\nodejs\node.exe C:\Program Files (x86)\Yarn\bin\yarn.js

PATH: 
  C:\Python38\Scripts\;C:\Python38\;C:\WINDOWS\system32;C:\WINDOWS;C:\WINDOWS\System32\Wbem;C:\WINDOWS\System32\WindowsPowerShell\v1.0\;C:\WINDOWS\System32\OpenSSH\;C:\Program Files\Intel\WiFi\bin\;C:\Program Files\Common Files\Intel\WirelessCommon\;C:\Program Files\nodejs\;C:\ProgramData\chocolatey\bin;C:\Program Files (x86)\Yarn\bin\;C:\Program Files\Git\cmd;C:\Program Files\CMake\bin;C:\Users\pajic\.cargo\bin;C:\Users\pajic\AppData\Local\Microsoft\WindowsApps;C:\Users\pajic\AppData\Roaming\npm;C:\Users\pajic\AppData\Local\Yarn\bin;C:\Program Files\JetBrains\WebStorm 2019.3.4\bin;;C:\Users\pajic\AppData\Local\Programs\Microsoft VS Code\bin;C:\Program Files\LLVM\bin;

Yarn version: 
  1.22.4

Node version: 
  12.16.2

Platform: 
  win32 x64

Trace: 
  SyntaxError: C:\Users\pajic\Desktop\MVPw\substrate-startkit-gui-api\package.json: Unexpected token , in JSON at position 1670
      at JSON.parse (<anonymous>)
      at C:\Program Files (x86)\Yarn\lib\cli.js:1625:59
      at Generator.next (<anonymous>)
      at step (C:\Program Files (x86)\Yarn\lib\cli.js:310:30)
      at C:\Program Files (x86)\Yarn\lib\cli.js:321:13

npm manifest: 
  {
    "name": "substrate-startkit-gui-api",
    "version": "1.0.0",
    "description": "API for substrate startkit gui frontend",
    "main": "index.js",
    "scripts": {
      "test": "echo \"Error: no test specified\" && exit 1",
      "start": "npm run serve",
      "dev": "nodemon",
      "build": "npm run build-ts",
      "serve": "node dist/",
      "build-ts": "rm -rf dist/ && tsc",
      "build-ts-windows": "rd /s /q \"dist\" && tsc",
      "migrate": "npm run build && sequelize db:migrate",
      "migrate-windows": "npm run build-ts-windows && sequelize db:migrate",
      "create:migration": "npm run build && sequelize migration:generate --name",
      "create:seed": "sequelize seed:generate --name"
    },
    "repository": {
      "type": "git",
      "url": "git+https://github.com/MVPWorkshop/substrate-startkit-gui-api.git"
    },
    "author": "",
    "license": "ISC",
    "bugs": {
      "url": "https://github.com/MVPWorkshop/substrate-startkit-gui-api/issues"
    },
    "homepage": "https://github.com/MVPWorkshop/substrate-startkit-gui-api#readme",
    "dependencies": {
      "axios": "^0.19.2",
      "body-parser": "^1.19.0",
      "cookie-parser": "^1.4.5",
      "cors": "^2.8.5",
      "dotenv": "^8.2.0",
      "express": "^4.17.1",
      "pg": "^8.2.1",
      "pg-hstore": "^2.3.3",
      "reflect-metadata": "^0.1.13",
      "sequelize": "^5.21.13",
      "sequelize-typescript": "^1.1.0"
    },
    "devDependencies": {
      "@types/body-parser": "^1.19.0",
      "@types/dotenv": "^8.2.0",
      "@types/express": "^4.17.6",
      "@types/cookie-parser": "^1.4.2",
      "@types/cors": "^2.8.6",
      "@types/node": "^14.0.13",
      "@types/validator": "^13.0.0",
      "ts-node": "^8.10.2",
      "typescript": "^3.9.5"
    }
  },

yarn manifest: 
  No manifest

Lockfile: 
  No lockfile
